{
  "RSpec": {
    "coverage": {
      "/Users/johnsantosuosso/enigma_final_redo/spec/enigma_spec.rb": {
        "lines": [
          1,
          1,
          null,
          1,
          1,
          9,
          null,
          null,
          1,
          1,
          1,
          null,
          null,
          null,
          1,
          1,
          1,
          1,
          null,
          null,
          1,
          1,
          1,
          1,
          null,
          null,
          1,
          1,
          1,
          1,
          null,
          null,
          1,
          1,
          1,
          1,
          1,
          null,
          null,
          1,
          1,
          1,
          1,
          1,
          1,
          null,
          null,
          1,
          1,
          1,
          1,
          null,
          null,
          1,
          1,
          1,
          null,
          null,
          null,
          1,
          1,
          null,
          null,
          null
        ]
      },
      "/Users/johnsantosuosso/enigma_final_redo/lib/enigma.rb": {
        "lines": [
          1,
          null,
          null,
          1,
          1,
          null,
          1,
          null,
          1,
          11,
          11,
          11,
          11,
          null,
          null,
          1,
          1,
          1,
          1,
          1,
          null,
          null,
          null,
          null,
          null,
          1,
          3,
          null,
          null,
          null
        ]
      },
      "/Users/johnsantosuosso/enigma_final_redo/modules/creatable.rb": {
        "lines": [
          1,
          null,
          1,
          3,
          null,
          null,
          1,
          1,
          null,
          null,
          null,
          1,
          3,
          null,
          null,
          1,
          1,
          1,
          null,
          null,
          null,
          1,
          2,
          2,
          null,
          null,
          null,
          1,
          2,
          2,
          24,
          null,
          null,
          null,
          1,
          2,
          10,
          2,
          10,
          26,
          10,
          2,
          10,
          null,
          null,
          null
        ]
      },
      "/Users/johnsantosuosso/enigma_final_redo/lib/encryption.rb": {
        "lines": [
          1,
          1,
          null,
          1,
          1,
          null,
          1,
          null,
          1,
          3,
          3,
          null,
          null,
          1,
          0,
          null,
          null,
          null,
          null,
          null,
          null
        ]
      },
      "/Users/johnsantosuosso/enigma_final_redo/spec/encryption_spec.rb": {
        "lines": [
          1,
          1,
          null,
          1,
          1,
          2,
          2,
          2,
          2,
          2,
          null,
          null,
          1,
          1,
          1,
          null,
          null,
          1,
          1,
          null,
          null,
          null,
          null,
          null,
          null,
          null,
          null,
          null
        ]
      }
    },
    "timestamp": 1654780290
  }
}
